<?xml version="1.0" encoding="UTF-8" ?>
<testsuite tests="2" failures="0" name="runner.TestRunner" time="42.164" errors="2" skipped="0">
  <properties>
[...]
</properties>
  <testcase classname="GitHub Repository Status Verification" name="Verify repository details and status" time="20.904">
    <error message="no such element: Unable to locate element: {&quot;method&quot;:&quot;css selector&quot;,&quot;selector&quot;:&quot;summary[aria-label=&apos;View profile and more&apos;]&quot;}
  (Session info: chrome=134.0.6998.165)
For documentation on this error, please visit: https://www.selenium.dev/documentation/webdriver/troubleshooting/errors#no-such-element-exception
Build info: version: &apos;4.18.1&apos;, revision: &apos;b1d3319b48&apos;
System info: os.name: &apos;Linux&apos;, os.arch: &apos;amd64&apos;, os.version: &apos;5.15.167.4-microsoft-standard-WSL2&apos;, java.version: &apos;17.0.14&apos;
Driver info: org.openqa.selenium.chrome.ChromeDriver
Command: [68f0412406a174c1666b72b83f722bae, findElement {using=css selector, value=summary[aria-label=&apos;View profile and more&apos;]}]
Capabilities {acceptInsecureCerts: false, browserName: chrome, browserVersion: 134.0.6998.165, chrome: {chromedriverVersion: 134.0.6998.165 (fd886e2cb29..., userDataDir: /tmp/.org.chromium.Chromium...}, fedcm:accounts: true, goog:chromeOptions: {debuggerAddress: localhost:44781}, networkConnectionEnabled: false, pageLoadStrategy: normal, platformName: linux, proxy: Proxy(), se:cdp: ws://localhost:44781/devtoo..., se:cdpVersion: 134.0.6998.165, setWindowRect: true, strictFileInteractability: false, timeouts: {implicit: 0, pageLoad: 300000, script: 30000}, unhandledPromptBehavior: dismiss and notify, webauthn:extension:credBlob: true, webauthn:extension:largeBlob: true, webauthn:extension:minPinLength: true, webauthn:extension:prf: true, webauthn:virtualAuthenticators: true}
Session ID: 68f0412406a174c1666b72b83f722bae" type="org.openqa.selenium.NoSuchElementException">org.openqa.selenium.NoSuchElementException: no such element: Unable to locate element: {&quot;method&quot;:&quot;css selector&quot;,&quot;selector&quot;:&quot;summary[aria-label=&apos;View profile and more&apos;]&quot;}
  (Session info: chrome=134.0.6998.165)
For documentation on this error, please visit: https://www.selenium.dev/documentation/webdriver/troubleshooting/errors#no-such-element-exception
Build info: version: &apos;4.18.1&apos;, revision: &apos;b1d3319b48&apos;
System info: os.name: &apos;Linux&apos;, os.arch: &apos;amd64&apos;, os.version: &apos;5.15.167.4-microsoft-standard-WSL2&apos;, java.version: &apos;17.0.14&apos;
Driver info: org.openqa.selenium.chrome.ChromeDriver
Command: [68f0412406a174c1666b72b83f722bae, findElement {using=css selector, value=summary[aria-label=&apos;View profile and more&apos;]}]
Capabilities {acceptInsecureCerts: false, browserName: chrome, browserVersion: 134.0.6998.165, chrome: {chromedriverVersion: 134.0.6998.165 (fd886e2cb29..., userDataDir: /tmp/.org.chromium.Chromium...}, fedcm:accounts: true, goog:chromeOptions: {debuggerAddress: localhost:44781}, networkConnectionEnabled: false, pageLoadStrategy: normal, platformName: linux, proxy: Proxy(), se:cdp: ws://localhost:44781/devtoo..., se:cdpVersion: 134.0.6998.165, setWindowRect: true, strictFileInteractability: false, timeouts: {implicit: 0, pageLoad: 300000, script: 30000}, unhandledPromptBehavior: dismiss and notify, webauthn:extension:credBlob: true, webauthn:extension:largeBlob: true, webauthn:extension:minPinLength: true, webauthn:extension:prf: true, webauthn:virtualAuthenticators: true}
Session ID: 68f0412406a174c1666b72b83f722bae
	at java.base/jdk.internal.reflect.NativeConstructorAccessorImpl.newInstance0(Native Method)
	at java.base/jdk.internal.reflect.NativeConstructorAccessorImpl.newInstance(NativeConstructorAccessorImpl.java:77)
	at java.base/jdk.internal.reflect.DelegatingConstructorAccessorImpl.newInstance(DelegatingConstructorAccessorImpl.java:45)
	at java.base/java.lang.reflect.Constructor.newInstanceWithCaller(Constructor.java:500)
	at java.base/java.lang.reflect.Constructor.newInstance(Constructor.java:481)
	at org.openqa.selenium.remote.ErrorCodec.decode(ErrorCodec.java:167)
	at org.openqa.selenium.remote.codec.w3c.W3CHttpResponseCodec.decode(W3CHttpResponseCodec.java:138)
	at org.openqa.selenium.remote.codec.w3c.W3CHttpResponseCodec.decode(W3CHttpResponseCodec.java:50)
	at org.openqa.selenium.remote.HttpCommandExecutor.execute(HttpCommandExecutor.java:190)
	at org.openqa.selenium.remote.service.DriverCommandExecutor.invokeExecute(DriverCommandExecutor.java:216)
	at org.openqa.selenium.remote.service.DriverCommandExecutor.execute(DriverCommandExecutor.java:174)
	at org.openqa.selenium.remote.RemoteWebDriver.execute(RemoteWebDriver.java:519)
	at org.openqa.selenium.remote.ElementLocation$ElementFinder$2.findElement(ElementLocation.java:165)
	at org.openqa.selenium.remote.ElementLocation.findElement(ElementLocation.java:59)
	at org.openqa.selenium.remote.RemoteWebDriver.findElement(RemoteWebDriver.java:356)
	at org.openqa.selenium.remote.RemoteWebDriver.findElement(RemoteWebDriver.java:350)
	at steps.GithubSteps.i_navigate_to_the_section_in_my_profile(GithubSteps.java:43)
	at ✽.I navigate to the &quot;Repositories&quot; section in my profile(file:///home/pavankarthik/software-testing/src/test/resources/features/GithubLogin.feature:8)
</error>
    <system-out>
Scenario: Verify repository details and status                         &amp;#27;[90m# src/test/resources/features/GithubLogin.feature:7&amp;#27;[0m
  &amp;#27;[32mGiven &amp;#27;[0m&amp;#27;[32mI open GitHub&amp;#27;[0m                                                  &amp;#27;[90m# steps.GithubSteps.i_open_github()&amp;#27;[0m
  &amp;#27;[32mAnd &amp;#27;[0m&amp;#27;[32mI log in with valid credentials&amp;#27;[0m                                  &amp;#27;[90m# steps.GithubSteps.i_log_in_with_valid_credentials()&amp;#27;[0m
  &amp;#27;[31mWhen &amp;#27;[0m&amp;#27;[31mI navigate to the &amp;#27;[0m&amp;#27;[31m&amp;#27;[1m&quot;Repositories&quot;&amp;#27;[0m&amp;#27;[31m section in my profile&amp;#27;[0m          &amp;#27;[90m# steps.GithubSteps.i_navigate_to_the_section_in_my_profile(java.lang.String)&amp;#27;[0m
      &amp;#27;[31morg.openqa.selenium.NoSuchElementException: no such element: Unable to locate element: {&quot;method&quot;:&quot;css selector&quot;,&quot;selector&quot;:&quot;summary[aria-label=&apos;View profile and more&apos;]&quot;}
  (Session info: chrome=134.0.6998.165)
For documentation on this error, please visit: https://www.selenium.dev/documentation/webdriver/troubleshooting/errors#no-such-element-exception
Build info: version: &apos;4.18.1&apos;, revision: &apos;b1d3319b48&apos;
System info: os.name: &apos;Linux&apos;, os.arch: &apos;amd64&apos;, os.version: &apos;5.15.167.4-microsoft-standard-WSL2&apos;, java.version: &apos;17.0.14&apos;
Driver info: org.openqa.selenium.chrome.ChromeDriver
Command: [68f0412406a174c1666b72b83f722bae, findElement {using=css selector, value=summary[aria-label=&apos;View profile and more&apos;]}]
Capabilities {acceptInsecureCerts: false, browserName: chrome, browserVersion: 134.0.6998.165, chrome: {chromedriverVersion: 134.0.6998.165 (fd886e2cb29..., userDataDir: /tmp/.org.chromium.Chromium...}, fedcm:accounts: true, goog:chromeOptions: {debuggerAddress: localhost:44781}, networkConnectionEnabled: false, pageLoadStrategy: normal, platformName: linux, proxy: Proxy(), se:cdp: ws://localhost:44781/devtoo..., se:cdpVersion: 134.0.6998.165, setWindowRect: true, strictFileInteractability: false, timeouts: {implicit: 0, pageLoad: 300000, script: 30000}, unhandledPromptBehavior: dismiss and notify, webauthn:extension:credBlob: true, webauthn:extension:largeBlob: true, webauthn:extension:minPinLength: true, webauthn:extension:prf: true, webauthn:virtualAuthenticators: true}
Session ID: 68f0412406a174c1666b72b83f722bae
	at java.base/jdk.internal.reflect.NativeConstructorAccessorImpl.newInstance0(Native Method)
	at java.base/jdk.internal.reflect.NativeConstructorAccessorImpl.newInstance(NativeConstructorAccessorImpl.java:77)
	at java.base/jdk.internal.reflect.DelegatingConstructorAccessorImpl.newInstance(DelegatingConstructorAccessorImpl.java:45)
	at java.base/java.lang.reflect.Constructor.newInstanceWithCaller(Constructor.java:500)
	at java.base/java.lang.reflect.Constructor.newInstance(Constructor.java:481)
	at org.openqa.selenium.remote.ErrorCodec.decode(ErrorCodec.java:167)
	at org.openqa.selenium.remote.codec.w3c.W3CHttpResponseCodec.decode(W3CHttpResponseCodec.java:138)
	at org.openqa.selenium.remote.codec.w3c.W3CHttpResponseCodec.decode(W3CHttpResponseCodec.java:50)
	at org.openqa.selenium.remote.HttpCommandExecutor.execute(HttpCommandExecutor.java:190)
	at org.openqa.selenium.remote.service.DriverCommandExecutor.invokeExecute(DriverCommandExecutor.java:216)
	at org.openqa.selenium.remote.service.DriverCommandExecutor.execute(DriverCommandExecutor.java:174)
	at org.openqa.selenium.remote.RemoteWebDriver.execute(RemoteWebDriver.java:519)
	at org.openqa.selenium.remote.ElementLocation$ElementFinder$2.findElement(ElementLocation.java:165)
	at org.openqa.selenium.remote.ElementLocation.findElement(ElementLocation.java:59)
	at org.openqa.selenium.remote.RemoteWebDriver.findElement(RemoteWebDriver.java:356)
	at org.openqa.selenium.remote.RemoteWebDriver.findElement(RemoteWebDriver.java:350)
	at steps.GithubSteps.i_navigate_to_the_section_in_my_profile(GithubSteps.java:43)
	at ✽.I navigate to the &quot;Repositories&quot; section in my profile(file:///home/pavankarthik/software-testing/src/test/resources/features/GithubLogin.feature:8)
&amp;#27;[0m
  &amp;#27;[36mAnd &amp;#27;[0m&amp;#27;[36mI search for the repository named &amp;#27;[0m&amp;#27;[36m&amp;#27;[1m&quot;SampleProject&quot;&amp;#27;[0m                &amp;#27;[90m# steps.GithubSteps.i_search_for_the_repository_named(java.lang.String)&amp;#27;[0m
  &amp;#27;[36mThen &amp;#27;[0m&amp;#27;[36mI should see it listed with visibility as &quot;Public&quot; or &quot;Private&quot;&amp;#27;[0m
  &amp;#27;[36mAnd &amp;#27;[0m&amp;#27;[36mthe last activity date displayed&amp;#27;[0m                                 &amp;#27;[90m# steps.GithubSteps.the_last_activity_date_displayed()&amp;#27;[0m
</system-out>
    <system-err>Apr 14, 2025 7:52:30 AM org.openqa.selenium.devtools.CdpVersionFinder findNearestMatch
WARNING: Unable to find CDP implementation matching 134
Apr 14, 2025 7:52:30 AM org.openqa.selenium.chromium.ChromiumDriver lambda$new$5
WARNING: Unable to find version of CDP to use for 134.0.6998.165. You may need to include a dependency on a specific version of the CDP using something similar to `org.seleniumhq.selenium:selenium-devtools-v86:4.18.1` where the version (&quot;v86&quot;) matches the version of the chromium-based browser you&apos;re using and the version number of the artifact is the same as Selenium&apos;s.
</system-err>
  </testcase>
  <testcase classname="GitHub Repository Status Verification" name="Sign out after verification" time="21.26">
    <error message="no such element: Unable to locate element: {&quot;method&quot;:&quot;css selector&quot;,&quot;selector&quot;:&quot;summary[aria-label=&apos;View profile and more&apos;]&quot;}
  (Session info: chrome=134.0.6998.165)
For documentation on this error, please visit: https://www.selenium.dev/documentation/webdriver/troubleshooting/errors#no-such-element-exception
Build info: version: &apos;4.18.1&apos;, revision: &apos;b1d3319b48&apos;
System info: os.name: &apos;Linux&apos;, os.arch: &apos;amd64&apos;, os.version: &apos;5.15.167.4-microsoft-standard-WSL2&apos;, java.version: &apos;17.0.14&apos;
Driver info: org.openqa.selenium.chrome.ChromeDriver
Command: [48a1ac62a1dd4145363eef44879b4655, findElement {using=css selector, value=summary[aria-label=&apos;View profile and more&apos;]}]
Capabilities {acceptInsecureCerts: false, browserName: chrome, browserVersion: 134.0.6998.165, chrome: {chromedriverVersion: 134.0.6998.165 (fd886e2cb29..., userDataDir: /tmp/.org.chromium.Chromium...}, fedcm:accounts: true, goog:chromeOptions: {debuggerAddress: localhost:35153}, networkConnectionEnabled: false, pageLoadStrategy: normal, platformName: linux, proxy: Proxy(), se:cdp: ws://localhost:35153/devtoo..., se:cdpVersion: 134.0.6998.165, setWindowRect: true, strictFileInteractability: false, timeouts: {implicit: 0, pageLoad: 300000, script: 30000}, unhandledPromptBehavior: dismiss and notify, webauthn:extension:credBlob: true, webauthn:extension:largeBlob: true, webauthn:extension:minPinLength: true, webauthn:extension:prf: true, webauthn:virtualAuthenticators: true}
Session ID: 48a1ac62a1dd4145363eef44879b4655" type="org.openqa.selenium.NoSuchElementException">org.openqa.selenium.NoSuchElementException: no such element: Unable to locate element: {&quot;method&quot;:&quot;css selector&quot;,&quot;selector&quot;:&quot;summary[aria-label=&apos;View profile and more&apos;]&quot;}
  (Session info: chrome=134.0.6998.165)
For documentation on this error, please visit: https://www.selenium.dev/documentation/webdriver/troubleshooting/errors#no-such-element-exception
Build info: version: &apos;4.18.1&apos;, revision: &apos;b1d3319b48&apos;
System info: os.name: &apos;Linux&apos;, os.arch: &apos;amd64&apos;, os.version: &apos;5.15.167.4-microsoft-standard-WSL2&apos;, java.version: &apos;17.0.14&apos;
Driver info: org.openqa.selenium.chrome.ChromeDriver
Command: [48a1ac62a1dd4145363eef44879b4655, findElement {using=css selector, value=summary[aria-label=&apos;View profile and more&apos;]}]
Capabilities {acceptInsecureCerts: false, browserName: chrome, browserVersion: 134.0.6998.165, chrome: {chromedriverVersion: 134.0.6998.165 (fd886e2cb29..., userDataDir: /tmp/.org.chromium.Chromium...}, fedcm:accounts: true, goog:chromeOptions: {debuggerAddress: localhost:35153}, networkConnectionEnabled: false, pageLoadStrategy: normal, platformName: linux, proxy: Proxy(), se:cdp: ws://localhost:35153/devtoo..., se:cdpVersion: 134.0.6998.165, setWindowRect: true, strictFileInteractability: false, timeouts: {implicit: 0, pageLoad: 300000, script: 30000}, unhandledPromptBehavior: dismiss and notify, webauthn:extension:credBlob: true, webauthn:extension:largeBlob: true, webauthn:extension:minPinLength: true, webauthn:extension:prf: true, webauthn:virtualAuthenticators: true}
Session ID: 48a1ac62a1dd4145363eef44879b4655
	at java.base/jdk.internal.reflect.NativeConstructorAccessorImpl.newInstance0(Native Method)
	at java.base/jdk.internal.reflect.NativeConstructorAccessorImpl.newInstance(NativeConstructorAccessorImpl.java:77)
	at java.base/jdk.internal.reflect.DelegatingConstructorAccessorImpl.newInstance(DelegatingConstructorAccessorImpl.java:45)
	at java.base/java.lang.reflect.Constructor.newInstanceWithCaller(Constructor.java:500)
	at java.base/java.lang.reflect.Constructor.newInstance(Constructor.java:481)
	at org.openqa.selenium.remote.ErrorCodec.decode(ErrorCodec.java:167)
	at org.openqa.selenium.remote.codec.w3c.W3CHttpResponseCodec.decode(W3CHttpResponseCodec.java:138)
	at org.openqa.selenium.remote.codec.w3c.W3CHttpResponseCodec.decode(W3CHttpResponseCodec.java:50)
	at org.openqa.selenium.remote.HttpCommandExecutor.execute(HttpCommandExecutor.java:190)
	at org.openqa.selenium.remote.service.DriverCommandExecutor.invokeExecute(DriverCommandExecutor.java:216)
	at org.openqa.selenium.remote.service.DriverCommandExecutor.execute(DriverCommandExecutor.java:174)
	at org.openqa.selenium.remote.RemoteWebDriver.execute(RemoteWebDriver.java:519)
	at org.openqa.selenium.remote.ElementLocation$ElementFinder$2.findElement(ElementLocation.java:165)
	at org.openqa.selenium.remote.ElementLocation.findElement(ElementLocation.java:59)
	at org.openqa.selenium.remote.RemoteWebDriver.findElement(RemoteWebDriver.java:356)
	at org.openqa.selenium.remote.RemoteWebDriver.findElement(RemoteWebDriver.java:350)
	at steps.GithubSteps.click_in_the_profile_menu(GithubSteps.java:79)
	at ✽.click &quot;Sign out&quot; in the profile menu(file:///home/pavankarthik/software-testing/src/test/resources/features/GithubLogin.feature:15)
</error>
    <system-out>
Scenario: Sign out after verification      &amp;#27;[90m# src/test/resources/features/GithubLogin.feature:13&amp;#27;[0m
  &amp;#27;[32mGiven &amp;#27;[0m&amp;#27;[32mI open GitHub&amp;#27;[0m                      &amp;#27;[90m# steps.GithubSteps.i_open_github()&amp;#27;[0m
  &amp;#27;[32mAnd &amp;#27;[0m&amp;#27;[32mI log in with valid credentials&amp;#27;[0m      &amp;#27;[90m# steps.GithubSteps.i_log_in_with_valid_credentials()&amp;#27;[0m
Repository checks completed.
  &amp;#27;[32mWhen &amp;#27;[0m&amp;#27;[32mI complete repository checks&amp;#27;[0m        &amp;#27;[90m# steps.GithubSteps.i_complete_repository_checks()&amp;#27;[0m
  &amp;#27;[31mAnd &amp;#27;[0m&amp;#27;[31mclick &amp;#27;[0m&amp;#27;[31m&amp;#27;[1m&quot;Sign out&quot;&amp;#27;[0m&amp;#27;[31m in the profile menu&amp;#27;[0m &amp;#27;[90m# steps.GithubSteps.click_in_the_profile_menu(java.lang.String)&amp;#27;[0m
      &amp;#27;[31morg.openqa.selenium.NoSuchElementException: no such element: Unable to locate element: {&quot;method&quot;:&quot;css selector&quot;,&quot;selector&quot;:&quot;summary[aria-label=&apos;View profile and more&apos;]&quot;}
  (Session info: chrome=134.0.6998.165)
For documentation on this error, please visit: https://www.selenium.dev/documentation/webdriver/troubleshooting/errors#no-such-element-exception
Build info: version: &apos;4.18.1&apos;, revision: &apos;b1d3319b48&apos;
System info: os.name: &apos;Linux&apos;, os.arch: &apos;amd64&apos;, os.version: &apos;5.15.167.4-microsoft-standard-WSL2&apos;, java.version: &apos;17.0.14&apos;
Driver info: org.openqa.selenium.chrome.ChromeDriver
Command: [48a1ac62a1dd4145363eef44879b4655, findElement {using=css selector, value=summary[aria-label=&apos;View profile and more&apos;]}]
Capabilities {acceptInsecureCerts: false, browserName: chrome, browserVersion: 134.0.6998.165, chrome: {chromedriverVersion: 134.0.6998.165 (fd886e2cb29..., userDataDir: /tmp/.org.chromium.Chromium...}, fedcm:accounts: true, goog:chromeOptions: {debuggerAddress: localhost:35153}, networkConnectionEnabled: false, pageLoadStrategy: normal, platformName: linux, proxy: Proxy(), se:cdp: ws://localhost:35153/devtoo..., se:cdpVersion: 134.0.6998.165, setWindowRect: true, strictFileInteractability: false, timeouts: {implicit: 0, pageLoad: 300000, script: 30000}, unhandledPromptBehavior: dismiss and notify, webauthn:extension:credBlob: true, webauthn:extension:largeBlob: true, webauthn:extension:minPinLength: true, webauthn:extension:prf: true, webauthn:virtualAuthenticators: true}
Session ID: 48a1ac62a1dd4145363eef44879b4655
	at java.base/jdk.internal.reflect.NativeConstructorAccessorImpl.newInstance0(Native Method)
	at java.base/jdk.internal.reflect.NativeConstructorAccessorImpl.newInstance(NativeConstructorAccessorImpl.java:77)
	at java.base/jdk.internal.reflect.DelegatingConstructorAccessorImpl.newInstance(DelegatingConstructorAccessorImpl.java:45)
	at java.base/java.lang.reflect.Constructor.newInstanceWithCaller(Constructor.java:500)
	at java.base/java.lang.reflect.Constructor.newInstance(Constructor.java:481)
	at org.openqa.selenium.remote.ErrorCodec.decode(ErrorCodec.java:167)
	at org.openqa.selenium.remote.codec.w3c.W3CHttpResponseCodec.decode(W3CHttpResponseCodec.java:138)
	at org.openqa.selenium.remote.codec.w3c.W3CHttpResponseCodec.decode(W3CHttpResponseCodec.java:50)
	at org.openqa.selenium.remote.HttpCommandExecutor.execute(HttpCommandExecutor.java:190)
	at org.openqa.selenium.remote.service.DriverCommandExecutor.invokeExecute(DriverCommandExecutor.java:216)
	at org.openqa.selenium.remote.service.DriverCommandExecutor.execute(DriverCommandExecutor.java:174)
	at org.openqa.selenium.remote.RemoteWebDriver.execute(RemoteWebDriver.java:519)
	at org.openqa.selenium.remote.ElementLocation$ElementFinder$2.findElement(ElementLocation.java:165)
	at org.openqa.selenium.remote.ElementLocation.findElement(ElementLocation.java:59)
	at org.openqa.selenium.remote.RemoteWebDriver.findElement(RemoteWebDriver.java:356)
	at org.openqa.selenium.remote.RemoteWebDriver.findElement(RemoteWebDriver.java:350)
	at steps.GithubSteps.click_in_the_profile_menu(GithubSteps.java:79)
	at ✽.click &quot;Sign out&quot; in the profile menu(file:///home/pavankarthik/software-testing/src/test/resources/features/GithubLogin.feature:15)
&amp;#27;[0m
  &amp;#27;[36mThen &amp;#27;[0m&amp;#27;[36mI should be logged out successfully&amp;#27;[0m &amp;#27;[90m# steps.GithubSteps.i_should_be_logged_out_successfully()&amp;#27;[0m
</system-out>
    <system-err>Apr 14, 2025 7:52:51 AM org.openqa.selenium.devtools.CdpVersionFinder findNearestMatch
WARNING: Unable to find CDP implementation matching 134
Apr 14, 2025 7:52:51 AM org.openqa.selenium.chromium.ChromiumDriver lambda$new$5
WARNING: Unable to find version of CDP to use for 134.0.6998.165. You may need to include a dependency on a specific version of the CDP using something similar to `org.seleniumhq.selenium:selenium-devtools-v86:4.18.1` where the version (&quot;v86&quot;) matches the version of the chromium-based browser you&apos;re using and the version number of the artifact is the same as Selenium&apos;s.
</system-err>
  </testcase>
</testsuite>